[2024-10-04 10:51:43] local.ERROR: There are no commands defined in the "optimze" namespace.

Did you mean this?
    optimize {"exception":"[object] (Symfony\\Component\\Console\\Exception\\NamespaceNotFoundException(code: 0): There are no commands defined in the \"optimze\" namespace.

Did you mean this?
    optimize at /Users/pankaj/code/gingersauce_prod/vendor/symfony/console/Application.php:604)
[stacktrace]
#0 /Users/pankaj/code/gingersauce_prod/vendor/symfony/console/Application.php(657): Symfony\\Component\\Console\\Application->findNamespace('optimze')
#1 /Users/pankaj/code/gingersauce_prod/vendor/symfony/console/Application.php(237): Symfony\\Component\\Console\\Application->find('optimze:clear')
#2 /Users/pankaj/code/gingersauce_prod/vendor/symfony/console/Application.php(149): Symfony\\Component\\Console\\Application->doRun(Object(Symfony\\Component\\Console\\Input\\ArgvInput), Object(Symfony\\Component\\Console\\Output\\ConsoleOutput))
#3 /Users/pankaj/code/gingersauce_prod/vendor/laravel/framework/src/Illuminate/Console/Application.php(93): Symfony\\Component\\Console\\Application->run(Object(Symfony\\Component\\Console\\Input\\ArgvInput), Object(Symfony\\Component\\Console\\Output\\ConsoleOutput))
#4 /Users/pankaj/code/gingersauce_prod/vendor/laravel/framework/src/Illuminate/Foundation/Console/Kernel.php(131): Illuminate\\Console\\Application->run(Object(Symfony\\Component\\Console\\Input\\ArgvInput), Object(Symfony\\Component\\Console\\Output\\ConsoleOutput))
#5 /Users/pankaj/code/gingersauce_prod/artisan(37): Illuminate\\Foundation\\Console\\Kernel->handle(Object(Symfony\\Component\\Console\\Input\\ArgvInput), Object(Symfony\\Component\\Console\\Output\\ConsoleOutput))
#6 {main}
"} 
[2024-10-04 10:54:34] local.ERROR: There are no commands defined in the "optimze" namespace.

Did you mean this?
    optimize {"exception":"[object] (Symfony\\Component\\Console\\Exception\\NamespaceNotFoundException(code: 0): There are no commands defined in the \"optimze\" namespace.

Did you mean this?
    optimize at /Users/pankaj/code/gingersauce_prod/vendor/symfony/console/Application.php:604)
[stacktrace]
#0 /Users/pankaj/code/gingersauce_prod/vendor/symfony/console/Application.php(657): Symfony\\Component\\Console\\Application->findNamespace('optimze')
#1 /Users/pankaj/code/gingersauce_prod/vendor/symfony/console/Application.php(237): Symfony\\Component\\Console\\Application->find('optimze:clear')
#2 /Users/pankaj/code/gingersauce_prod/vendor/symfony/console/Application.php(149): Symfony\\Component\\Console\\Application->doRun(Object(Symfony\\Component\\Console\\Input\\ArgvInput), Object(Symfony\\Component\\Console\\Output\\ConsoleOutput))
#3 /Users/pankaj/code/gingersauce_prod/vendor/laravel/framework/src/Illuminate/Console/Application.php(93): Symfony\\Component\\Console\\Application->run(Object(Symfony\\Component\\Console\\Input\\ArgvInput), Object(Symfony\\Component\\Console\\Output\\ConsoleOutput))
#4 /Users/pankaj/code/gingersauce_prod/vendor/laravel/framework/src/Illuminate/Foundation/Console/Kernel.php(131): Illuminate\\Console\\Application->run(Object(Symfony\\Component\\Console\\Input\\ArgvInput), Object(Symfony\\Component\\Console\\Output\\ConsoleOutput))
#5 /Users/pankaj/code/gingersauce_prod/artisan(37): Illuminate\\Foundation\\Console\\Kernel->handle(Object(Symfony\\Component\\Console\\Input\\ArgvInput), Object(Symfony\\Component\\Console\\Output\\ConsoleOutput))
#6 {main}
"} 
